<?xml version="1.0" encoding="UTF-8"?>
<!-- Generated by org.testng.reporters.JUnitXMLReporter -->
<testsuite hostname="LAPTOP-A313QKMS-rajesh" ignored="0" name="Test" tests="3" failures="1" timestamp="30 Jul 2019 05:36:12 GMT" time="11.852" errors="0">
  <testcase name="getLogOnToPortal" time="6.718" classname="com.mobiotics.BSL_API_TestCases.TC_001_Log_On_Operator_Portal"/>
  <testcase name="sendSpecialCommand" time="4.929" classname="com.mobiotics.BSL_API_TestCases.TC_002_Send_Special_Comand"/>
  <testcase name="getAvailableComercialProduct" time="0.061" classname="com.mobiotics.BSL_API_TestCases.TC_003_Get_Available_Comercial_ProductFOrOperator">
    <failure type="java.lang.IllegalArgumentException" message="Header value cannot be null">
      <![CDATA[java.lang.IllegalArgumentException: Header value cannot be null
at org.codehaus.groovy.runtime.callsite.ConstructorSite$ConstructorSiteNoUnwrap.callConstructor(ConstructorSite.java:84)
at org.codehaus.groovy.runtime.callsite.CallSiteArray.defaultCallConstructor(CallSiteArray.java:60)
at org.codehaus.groovy.runtime.callsite.AbstractCallSite.callConstructor(AbstractCallSite.java:235)
at org.codehaus.groovy.runtime.callsite.AbstractCallSite.callConstructor(AbstractCallSite.java:247)
at io.restassured.internal.assertion.AssertParameter.notNull(AssertParameter.groovy:26)
at io.restassured.internal.assertion.AssertParameter$notNull.callStatic(Unknown Source)
at org.codehaus.groovy.runtime.callsite.CallSiteArray.defaultCallStatic(CallSiteArray.java:56)
at io.restassured.internal.assertion.AssertParameter$notNull.callStatic(Unknown Source)
at io.restassured.internal.RequestSpecificationImpl.header(RequestSpecificationImpl.groovy:936)
at com.mobiotics.BSL_API_TestCases.TC_003_Get_Available_Comercial_ProductFOrOperator.getAvailableComercialProduct(TC_003_Get_Available_Comercial_ProductFOrOperator.java:40)
... Removed 31 stack frames]]>
    </failure>
  </testcase> <!-- getAvailableComercialProduct -->
</testsuite> <!-- Test -->
