<?xml version="1.0" encoding="UTF-8"?>
<!-- Generated by org.testng.reporters.JUnitXMLReporter -->
<testsuite hostname="LAPTOP-A313QKMS-rajesh" ignored="0" name="all-tests" tests="13" failures="7" timestamp="25 Jul 2019 17:59:36 GMT" time="36.77" errors="0">
  <testcase name="@BeforeClass addProductSrelization" time="3.704" classname="com.mobiotics.BSL_API_TestCases.AddProductToCustomer">
    <failure type="java.lang.IllegalArgumentException" message="Header value cannot be null">
      <![CDATA[java.lang.IllegalArgumentException: Header value cannot be null
at org.codehaus.groovy.runtime.callsite.ConstructorSite$ConstructorSiteNoUnwrap.callConstructor(ConstructorSite.java:84)
at org.codehaus.groovy.runtime.callsite.CallSiteArray.defaultCallConstructor(CallSiteArray.java:60)
at org.codehaus.groovy.runtime.callsite.AbstractCallSite.callConstructor(AbstractCallSite.java:235)
at org.codehaus.groovy.runtime.callsite.AbstractCallSite.callConstructor(AbstractCallSite.java:247)
at io.restassured.internal.assertion.AssertParameter.notNull(AssertParameter.groovy:26)
at io.restassured.internal.assertion.AssertParameter$notNull.callStatic(Unknown Source)
at org.codehaus.groovy.runtime.callsite.CallSiteArray.defaultCallStatic(CallSiteArray.java:56)
at io.restassured.internal.assertion.AssertParameter$notNull.callStatic(Unknown Source)
at io.restassured.internal.RequestSpecificationImpl.header(RequestSpecificationImpl.groovy:936)
at com.mobiotics.BSL_API_TestCases.AddProductToCustomer.addProductSrelization(AddProductToCustomer.java:43)
... Removed 32 stack frames]]>
    </failure>
  </testcase> <!-- @BeforeClass addProductSrelization -->
  <testcase name="checkResponseBody" time="0.0" classname="com.mobiotics.BSL_API_TestCases.AddProductToCustomer">
    <skipped/>
  </testcase> <!-- checkResponseBody -->
  <testcase name="checkStatusCode" time="0.0" classname="com.mobiotics.BSL_API_TestCases.AddProductToCustomer">
    <skipped/>
  </testcase> <!-- checkStatusCode -->
  <testcase name="checkingResponseTime" time="0.0" classname="com.mobiotics.BSL_API_TestCases.AddProductToCustomer">
    <skipped/>
  </testcase> <!-- checkingResponseTime -->
  <testcase name="getAllHeaders" time="0.0" classname="com.mobiotics.BSL_API_TestCases.AddProductToCustomer">
    <skipped/>
  </testcase> <!-- getAllHeaders -->
  <testcase name="postData" time="0.004" classname="com.mobiotics.BSL_API_TestCases.TC_005_SendSpacialComands"/>
  <testcase name="getCustomerDetails" time="6.487" classname="com.mobiotics.BSL_API_TestCases.TC_006_GetCustomerDetails">
    <failure type="java.lang.IllegalArgumentException" message="Header value cannot be null">
      <![CDATA[java.lang.IllegalArgumentException: Header value cannot be null
at org.codehaus.groovy.runtime.callsite.ConstructorSite$ConstructorSiteNoUnwrap.callConstructor(ConstructorSite.java:84)
at org.codehaus.groovy.runtime.callsite.AbstractCallSite.callConstructor(AbstractCallSite.java:247)
at io.restassured.internal.assertion.AssertParameter.notNull(AssertParameter.groovy:26)
at io.restassured.internal.assertion.AssertParameter$notNull.callStatic(Unknown Source)
at org.codehaus.groovy.runtime.callsite.CallSiteArray.defaultCallStatic(CallSiteArray.java:56)
at io.restassured.internal.assertion.AssertParameter$notNull.callStatic(Unknown Source)
at io.restassured.internal.RequestSpecificationImpl.header(RequestSpecificationImpl.groovy:936)
at com.mobiotics.BSL_API_TestCases.TC_006_GetCustomerDetails.getCustomerDetails(TC_006_GetCustomerDetails.java:30)
... Removed 31 stack frames]]>
    </failure>
  </testcase> <!-- getCustomerDetails -->
  <testcase name="getOperatorDetails" time="3.625" classname="com.mobiotics.BSL_API_TestCases.TC_007_getOperator_Details">
    <failure type="java.lang.IllegalArgumentException" message="Header value cannot be null">
      <![CDATA[java.lang.IllegalArgumentException: Header value cannot be null
at org.codehaus.groovy.runtime.callsite.ConstructorSite$ConstructorSiteNoUnwrap.callConstructor(ConstructorSite.java:84)
at org.codehaus.groovy.runtime.callsite.AbstractCallSite.callConstructor(AbstractCallSite.java:247)
at io.restassured.internal.assertion.AssertParameter.notNull(AssertParameter.groovy:26)
at io.restassured.internal.assertion.AssertParameter$notNull.callStatic(Unknown Source)
at org.codehaus.groovy.runtime.callsite.CallSiteArray.defaultCallStatic(CallSiteArray.java:56)
at io.restassured.internal.assertion.AssertParameter$notNull.callStatic(Unknown Source)
at io.restassured.internal.RequestSpecificationImpl.header(RequestSpecificationImpl.groovy:936)
at com.mobiotics.BSL_API_TestCases.TC_007_getOperator_Details.getOperatorDetails(TC_007_getOperator_Details.java:29)
... Removed 31 stack frames]]>
    </failure>
  </testcase> <!-- getOperatorDetails -->
  <testcase name="updateCustomerDetails" time="3.673" classname="com.mobiotics.BSL_API_TestCases.TC_008_Update_CustomerDetails">
    <failure type="java.lang.IllegalArgumentException" message="Header value cannot be null">
      <![CDATA[java.lang.IllegalArgumentException: Header value cannot be null
at org.codehaus.groovy.runtime.callsite.ConstructorSite$ConstructorSiteNoUnwrap.callConstructor(ConstructorSite.java:84)
at org.codehaus.groovy.runtime.callsite.AbstractCallSite.callConstructor(AbstractCallSite.java:247)
at io.restassured.internal.assertion.AssertParameter.notNull(AssertParameter.groovy:26)
at io.restassured.internal.assertion.AssertParameter$notNull.callStatic(Unknown Source)
at org.codehaus.groovy.runtime.callsite.CallSiteArray.defaultCallStatic(CallSiteArray.java:56)
at io.restassured.internal.assertion.AssertParameter$notNull.callStatic(Unknown Source)
at io.restassured.internal.RequestSpecificationImpl.header(RequestSpecificationImpl.groovy:936)
at com.mobiotics.BSL_API_TestCases.TC_008_Update_CustomerDetails.updateCustomerDetails(TC_008_Update_CustomerDetails.java:26)
... Removed 31 stack frames]]>
    </failure>
  </testcase> <!-- updateCustomerDetails -->
  <testcase name="addProductToCustomer" time="4.337" classname="com.mobiotics.BSL_API_TestCases.TC_009_AddProductToCustomer"/>
  <testcase name="createCustomer" time="3.686" classname="com.mobiotics.BSL_API_TestCases.TC_10_CreateCustomer">
    <failure type="java.lang.IllegalArgumentException" message="Header value cannot be null">
      <![CDATA[java.lang.IllegalArgumentException: Header value cannot be null
at org.codehaus.groovy.runtime.callsite.ConstructorSite$ConstructorSiteNoUnwrap.callConstructor(ConstructorSite.java:84)
at org.codehaus.groovy.runtime.callsite.AbstractCallSite.callConstructor(AbstractCallSite.java:247)
at io.restassured.internal.assertion.AssertParameter.notNull(AssertParameter.groovy:26)
at io.restassured.internal.assertion.AssertParameter$notNull.callStatic(Unknown Source)
at org.codehaus.groovy.runtime.callsite.CallSiteArray.defaultCallStatic(CallSiteArray.java:56)
at io.restassured.internal.assertion.AssertParameter$notNull.callStatic(Unknown Source)
at io.restassured.internal.RequestSpecificationImpl.header(RequestSpecificationImpl.groovy:936)
at com.mobiotics.BSL_API_TestCases.TC_10_CreateCustomer.createCustomer(TC_10_CreateCustomer.java:52)
... Removed 31 stack frames]]>
    </failure>
  </testcase> <!-- createCustomer -->
  <testcase name="getFinancialAccount" time="3.572" classname="com.mobiotics.BSL_API_TestCases.TC_11_GetFinancialAccount">
    <failure type="java.lang.IllegalArgumentException" message="Header value cannot be null">
      <![CDATA[java.lang.IllegalArgumentException: Header value cannot be null
at org.codehaus.groovy.runtime.callsite.ConstructorSite$ConstructorSiteNoUnwrap.callConstructor(ConstructorSite.java:84)
at org.codehaus.groovy.runtime.callsite.AbstractCallSite.callConstructor(AbstractCallSite.java:247)
at io.restassured.internal.assertion.AssertParameter.notNull(AssertParameter.groovy:26)
at io.restassured.internal.assertion.AssertParameter$notNull.callStatic(Unknown Source)
at org.codehaus.groovy.runtime.callsite.CallSiteArray.defaultCallStatic(CallSiteArray.java:56)
at io.restassured.internal.assertion.AssertParameter$notNull.callStatic(Unknown Source)
at io.restassured.internal.RequestSpecificationImpl.header(RequestSpecificationImpl.groovy:936)
at com.mobiotics.BSL_API_TestCases.TC_11_GetFinancialAccount.getFinancialAccount(TC_11_GetFinancialAccount.java:27)
... Removed 31 stack frames]]>
    </failure>
  </testcase> <!-- getFinancialAccount -->
  <testcase name="getFinancial_Transections" time="3.651" classname="com.mobiotics.BSL_API_TestCases.TC_12_GetFinancial_Transection">
    <failure type="java.lang.IllegalArgumentException" message="Header value cannot be null">
      <![CDATA[java.lang.IllegalArgumentException: Header value cannot be null
at org.codehaus.groovy.runtime.callsite.ConstructorSite$ConstructorSiteNoUnwrap.callConstructor(ConstructorSite.java:84)
at org.codehaus.groovy.runtime.callsite.AbstractCallSite.callConstructor(AbstractCallSite.java:247)
at io.restassured.internal.assertion.AssertParameter.notNull(AssertParameter.groovy:26)
at io.restassured.internal.assertion.AssertParameter$notNull.callStatic(Unknown Source)
at org.codehaus.groovy.runtime.callsite.CallSiteArray.defaultCallStatic(CallSiteArray.java:56)
at io.restassured.internal.assertion.AssertParameter$notNull.callStatic(Unknown Source)
at io.restassured.internal.RequestSpecificationImpl.header(RequestSpecificationImpl.groovy:936)
at com.mobiotics.BSL_API_TestCases.TC_12_GetFinancial_Transection.getFinancial_Transections(TC_12_GetFinancial_Transection.java:30)
... Removed 31 stack frames]]>
    </failure>
  </testcase> <!-- getFinancial_Transections -->
  <testcase name="create_PaymentFT" time="3.74" classname="com.mobiotics.BSL_API_TestCases.TC_13_Create_PaymentFT">
    <failure type="java.lang.IllegalArgumentException" message="Header value cannot be null">
      <![CDATA[java.lang.IllegalArgumentException: Header value cannot be null
at org.codehaus.groovy.runtime.callsite.ConstructorSite$ConstructorSiteNoUnwrap.callConstructor(ConstructorSite.java:84)
at org.codehaus.groovy.runtime.callsite.AbstractCallSite.callConstructor(AbstractCallSite.java:247)
at io.restassured.internal.assertion.AssertParameter.notNull(AssertParameter.groovy:26)
at io.restassured.internal.assertion.AssertParameter$notNull.callStatic(Unknown Source)
at org.codehaus.groovy.runtime.callsite.CallSiteArray.defaultCallStatic(CallSiteArray.java:56)
at io.restassured.internal.assertion.AssertParameter$notNull.callStatic(Unknown Source)
at io.restassured.internal.RequestSpecificationImpl.header(RequestSpecificationImpl.groovy:936)
at com.mobiotics.BSL_API_TestCases.TC_13_Create_PaymentFT.create_PaymentFT(TC_13_Create_PaymentFT.java:40)
... Removed 31 stack frames]]>
    </failure>
  </testcase> <!-- create_PaymentFT -->
</testsuite> <!-- all-tests -->
